This is LuaHBTeX, Version 1.15.0 (TeX Live 2022)  (format=lualatex 2023.3.12)  22 MAR 2023 15:17
 system commands enabled.
 file:line:error style messages enabled.
**"c:/Users/michi/OneDrive/Desktop/fuck me/Diplomarbeit2/main.tex"
("c:/Users/michi/OneDrive/Desktop/fuck me/Diplomarbeit2/main.tex"
LaTeX2e <2022-11-01> patch level 1
Lua module: luaotfload 2022-10-03 3.23 Lua based OpenType font support
Lua module: lualibs 2022-10-04 2.75 ConTeXt Lua standard libraries.
Lua module: lualibs-extended 2022-10-04 2.75 ConTeXt Lua libraries -- extended collection.
luaotfload | conf : Root cache directory is "C:/Users/michi/AppData/Local/Programs/TeXLive/2022/texmf-var/luatex-cache/generic/names".
luaotfload | init : Loading fontloader "fontloader-2022-10-03.lua" from kpse-resolved path "c:/Users/michi/AppData/Local/Programs/TeXLive/2022/texmf-dist/tex/luatex/luaotfload/fontloader-2022-10-03.lua".
Lua-only attribute luaotfload@noligature = 1
luaotfload | init : Context OpenType loader version 3.120
Inserting `luaotfload.node_processor' in `pre_linebreak_filter'.
Inserting `luaotfload.node_processor' in `hpack_filter'.
Inserting `luaotfload.glyph_stream' in `glyph_stream_provider'.
Inserting `luaotfload.define_font' in `define_font'.
Lua-only attribute luaotfload_color_attribute = 2
luaotfload | conf : Root cache directory is "C:/Users/michi/AppData/Local/Programs/TeXLive/2022/texmf-var/luatex-cache/generic/names".
Inserting `luaotfload.harf.strip_prefix' in `find_opentype_file'.
Inserting `luaotfload.harf.strip_prefix' in `find_truetype_file'.
Removing  `luaotfload.glyph_stream' from `glyph_stream_provider'.
Inserting `luaotfload.harf.glyphstream' in `glyph_stream_provider'.
Inserting `luaotfload.harf.finalize_vlist' in `post_linebreak_filter'.
Inserting `luaotfload.harf.finalize_hlist' in `hpack_filter'.
Inserting `luaotfload.cleanup_files' in `wrapup_run'.
Inserting `luaotfload.harf.finalize_unicode' in `finish_pdffile'.
Inserting `luaotfload.glyphinfo' in `glyph_info'.
Lua-only attribute luaotfload.letterspace_done = 3
Inserting `luaotfload.aux.set_sscale_dimens' in `luaotfload.patch_font'.
Inserting `luaotfload.aux.set_font_index' in `luaotfload.patch_font'.
Inserting `luaotfload.aux.patch_cambria_domh' in `luaotfload.patch_font'.
Inserting `luaotfload.aux.fixup_fontdata' in `luaotfload.patch_font_unsafe'.
Inserting `luaotfload.aux.set_capheight' in `luaotfload.patch_font'.
Inserting `luaotfload.aux.set_xheight' in `luaotfload.patch_font'.
Inserting `luaotfload.rewrite_fontname' in `luaotfload.patch_font'. L3 programming layer <2023-02-22>
Inserting `tracingstacklevels' in `input_level_string'. (c:/Users/michi/AppData/Local/Programs/TeXLive/2022/texmf-dist/tex/latex/hitec/hitec.cls
Document Class: hitec 2001/08/22 v0.0(beta) Hi-tec style document class
(c:/Users/michi/AppData/Local/Programs/TeXLive/2022/texmf-dist/tex/latex/base/size10.clo
File: size10.clo 2022/07/02 v1.4n Standard LaTeX file (size option)
luaotfload | db : Font names database loaded from C:/Users/michi/AppData/Local/Programs/TeXLive/2022/texmf-var/luatex-cache/generic/names/luaotfload-names.luc.gz)
\leftmarginwidth=\dimen139
\fullwidth=\dimen140
\emptyfoottopmargin=\dimen141
\emptyheadtopmargin=\dimen142
\c@part=\count183
\c@section=\count184
\c@subsection=\count185
\c@subsubsection=\count186
\c@paragraph=\count187
\c@subparagraph=\count188
\c@figure=\count189
\c@table=\count190
\abovecaptionskip=\skip48
\belowcaptionskip=\skip49
\bibindent=\dimen143
) (./styles/main.sty
Rene Hampölz, 2023
(c:/Users/michi/AppData/Local/Programs/TeXLive/2022/texmf-dist/tex/latex/fontspec/fontspec.sty (c:/Users/michi/AppData/Local/Programs/TeXLive/2022/texmf-dist/tex/latex/l3packages/xparse/xparse.sty (c:/Users/michi/AppData/Local/Programs/TeXLive/2022/texmf-dist/tex/latex/l3kernel/expl3.sty
Package: expl3 2023-02-22 L3 programming layer (loader) 
 (c:/Users/michi/AppData/Local/Programs/TeXLive/2022/texmf-dist/tex/latex/l3backend/l3backend-luatex.def
File: l3backend-luatex.def 2023-01-16 L3 backend support: PDF output (LuaTeX)
\l__color_backend_stack_int=\count191
\l__pdf_internal_box=\box51
))
Package: xparse 2023-02-02 L3 Experimental document command parser
)
Package: fontspec 2022/01/15 v2.8a Font selection for XeLaTeX and LuaLaTeX
Lua module: fontspec 2022/01/15 2.8a Font selection for XeLaTeX and LuaLaTeX (c:/Users/michi/AppData/Local/Programs/TeXLive/2022/texmf-dist/tex/latex/fontspec/fontspec-luatex.sty
Package: fontspec-luatex 2022/01/15 v2.8a Font selection for XeLaTeX and LuaLaTeX
\l__fontspec_script_int=\count192
\l__fontspec_language_int=\count193
\l__fontspec_strnum_int=\count194
\l__fontspec_tmp_int=\count195
\l__fontspec_tmpa_int=\count196
\l__fontspec_tmpb_int=\count197
\l__fontspec_tmpc_int=\count198
\l__fontspec_em_int=\count199
\l__fontspec_emdef_int=\count266
\l__fontspec_strong_int=\count267
\l__fontspec_strongdef_int=\count268
\l__fontspec_tmpa_dim=\dimen144
\l__fontspec_tmpb_dim=\dimen145
\l__fontspec_tmpc_dim=\dimen146
 (c:/Users/michi/AppData/Local/Programs/TeXLive/2022/texmf-dist/tex/latex/base/fontenc.sty
Package: fontenc 2021/04/29 v2.0v Standard LaTeX package
) (c:/Users/michi/AppData/Local/Programs/TeXLive/2022/texmf-dist/tex/latex/fontspec/fontspec.cfg))) (c:/Users/michi/AppData/Local/Programs/TeXLive/2022/texmf-dist/tex/latex/base/fontenc.sty
Package: fontenc 2021/04/29 v2.0v Standard LaTeX package
 (c:/Users/michi/AppData/Local/Programs/TeXLive/2022/texmf-dist/tex/latex/euenc/eu2enc.def
File: eu2enc.def 2010/05/27 v0.1h Experimental Unicode font encodings
)
LaTeX Font Info:    Trying to load font information for EU2+lmr on input line 112.
 (c:/Users/michi/AppData/Local/Programs/TeXLive/2022/texmf-dist/tex/latex/euenc/eu2lmr.fd
File: eu2lmr.fd 2009/10/30 v1.6 Font defs for Latin Modern
)) (c:/Users/michi/AppData/Local/Programs/TeXLive/2022/texmf-dist/tex/latex/grffile/grffile.sty
Package: grffile 2019/11/11 v2.1 Extended file name support for graphics (legacy)
Package grffile Info: This package is an empty stub for compatibility on input line 40.
 (c:/Users/michi/AppData/Local/Programs/TeXLive/2022/texmf-dist/tex/latex/graphics/graphicx.sty
Package: graphicx 2021/09/16 v1.2d Enhanced LaTeX Graphics (DPC,SPQR)
 (c:/Users/michi/AppData/Local/Programs/TeXLive/2022/texmf-dist/tex/latex/graphics/keyval.sty
Package: keyval 2022/05/29 v1.15 key=value parser (DPC)
\KV@toks@=\toks16
) (c:/Users/michi/AppData/Local/Programs/TeXLive/2022/texmf-dist/tex/latex/graphics/graphics.sty
Package: graphics 2022/03/10 v1.4e Standard LaTeX Graphics (DPC,SPQR)
 (c:/Users/michi/AppData/Local/Programs/TeXLive/2022/texmf-dist/tex/latex/graphics/trig.sty
Package: trig 2021/08/11 v1.11 sin cos tan (DPC)
) (c:/Users/michi/AppData/Local/Programs/TeXLive/2022/texmf-dist/tex/latex/graphics-cfg/graphics.cfg
File: graphics.cfg 2016/06/04 v1.11 sample graphics configuration
)
Package graphics Info: Driver file: luatex.def on input line 107.
 (c:/Users/michi/AppData/Local/Programs/TeXLive/2022/texmf-dist/tex/latex/graphics-def/luatex.def
File: luatex.def 2022/09/22 v1.2d Graphics/color driver for luatex
))
\Gin@req@height=\dimen147
\Gin@req@width=\dimen148
)) (c:/Users/michi/AppData/Local/Programs/TeXLive/2022/texmf-dist/tex/latex/lm/lmodern.sty
Package: lmodern 2015/05/01 v1.6.1 Latin Modern Fonts
LaTeX Font Info:    Overwriting symbol font `operators' in version `normal'
(Font)                  OT1/cmr/m/n --> OT1/lmr/m/n on input line 22.
LaTeX Font Info:    Overwriting symbol font `letters' in version `normal'
(Font)                  OML/cmm/m/it --> OML/lmm/m/it on input line 23.
LaTeX Font Info:    Overwriting symbol font `symbols' in version `normal'
(Font)                  OMS/cmsy/m/n --> OMS/lmsy/m/n on input line 24.
LaTeX Font Info:    Overwriting symbol font `largesymbols' in version `normal'
(Font)                  OMX/cmex/m/n --> OMX/lmex/m/n on input line 25.
LaTeX Font Info:    Overwriting symbol font `operators' in version `bold'
(Font)                  OT1/cmr/bx/n --> OT1/lmr/bx/n on input line 26.
LaTeX Font Info:    Overwriting symbol font `letters' in version `bold'
(Font)                  OML/cmm/b/it --> OML/lmm/b/it on input line 27.
LaTeX Font Info:    Overwriting symbol font `symbols' in version `bold'
(Font)                  OMS/cmsy/b/n --> OMS/lmsy/b/n on input line 28.
LaTeX Font Info:    Overwriting symbol font `largesymbols' in version `bold'
(Font)                  OMX/cmex/m/n --> OMX/lmex/m/n on input line 29.
LaTeX Font Info:    Overwriting math alphabet `\mathbf' in version `normal'
(Font)                  OT1/cmr/bx/n --> OT1/lmr/bx/n on input line 31.
LaTeX Font Info:    Overwriting math alphabet `\mathsf' in version `normal'
(Font)                  OT1/cmss/m/n --> OT1/lmss/m/n on input line 32.
LaTeX Font Info:    Overwriting math alphabet `\mathit' in version `normal'
(Font)                  OT1/cmr/m/it --> OT1/lmr/m/it on input line 33.
LaTeX Font Info:    Overwriting math alphabet `\mathtt' in version `normal'
(Font)                  OT1/cmtt/m/n --> OT1/lmtt/m/n on input line 34.
LaTeX Font Info:    Overwriting math alphabet `\mathbf' in version `bold'
(Font)                  OT1/cmr/bx/n --> OT1/lmr/bx/n on input line 35.
LaTeX Font Info:    Overwriting math alphabet `\mathsf' in version `bold'
(Font)                  OT1/cmss/bx/n --> OT1/lmss/bx/n on input line 36.
LaTeX Font Info:    Overwriting math alphabet `\mathit' in version `bold'
(Font)                  OT1/cmr/bx/it --> OT1/lmr/bx/it on input line 37.
LaTeX Font Info:    Overwriting math alphabet `\mathtt' in version `bold'
(Font)                  OT1/cmtt/m/n --> OT1/lmtt/m/n on input line 38.
) (c:/Users/michi/AppData/Local/Programs/TeXLive/2022/texmf-dist/tex/generic/babel/babel.sty
Package: babel 2023/02/13 3.86 The Babel package
 (c:/Users/michi/AppData/Local/Programs/TeXLive/2022/texmf-dist/tex/generic/babel/luababel.def
\bbl@readstream=\read2
\l@dumylang=\language2
Package babel Info: Non-standard hyphenation setup on input line 118.
\l@nohyphenation=\language3
\l@german-x-2023-03-06=\language4
\l@ngerman-x-2023-03-06=\language5
\l@afrikaans=\language6
\l@ancientgreek=\language7
\l@ibycus=\language8
\l@arabic=\language9
\l@armenian=\language10
\l@basque=\language11
\l@belarusian=\language12
\l@bulgarian=\language13
\l@catalan=\language14
\l@pinyin=\language15
\l@churchslavonic=\language16
\l@coptic=\language17
\l@croatian=\language18
\l@czech=\language19
\l@danish=\language20
\l@dutch=\language21
\l@ukenglish=\language22
\l@usenglishmax=\language23
\l@esperanto=\language24
\l@estonian=\language25
\l@ethiopic=\language26
\l@farsi=\language27
\l@finnish=\language28
\l@schoolfinnish=\language29
\l@french=\language30
\l@friulan=\language31
\l@galician=\language32
\l@georgian=\language33
\l@german=\language34
\l@ngerman=\language35
\l@swissgerman=\language36
\l@greek=\language37
\l@monogreek=\language38
\l@hungarian=\language39
\l@icelandic=\language40
\l@assamese=\language41
\l@bengali=\language42
\l@gujarati=\language43
\l@hindi=\language44
\l@kannada=\language45
\l@malayalam=\language46
\l@marathi=\language47
\l@oriya=\language48
\l@pali=\language49
\l@panjabi=\language50
\l@tamil=\language51
\l@telugu=\language52
\l@indonesian=\language53
\l@interlingua=\language54
\l@irish=\language55
\l@italian=\language56
\l@kurmanji=\language57
\l@classiclatin=\language58
\l@latin=\language59
\l@liturgicallatin=\language60
\l@latvian=\language61
\l@lithuanian=\language62
\l@macedonian=\language63
\l@mongolian=\language64
\l@mongolianlmc=\language65
\l@bokmal=\language66
\l@nynorsk=\language67
\l@occitan=\language68
\l@piedmontese=\language69
\l@polish=\language70
\l@portuguese=\language71
\l@romanian=\language72
\l@romansh=\language73
\l@russian=\language74
\l@sanskrit=\language75
\l@serbian=\language76
\l@serbianc=\language77
\l@slovak=\language78
\l@slovenian=\language79
\l@spanish=\language80
\l@swedish=\language81
\l@thai=\language82
\l@turkish=\language83
\l@turkmen=\language84
\l@ukrainian=\language85
\l@uppersorbian=\language86
\l@welsh=\language87
\babelcatcodetablenum=\catcodetable12
\bbl@pattcodes=\catcodetable13
)
\babel@savecnt=\count269
\U@D=\dimen149
\l@unhyphenated=\language88
 (c:/Users/michi/AppData/Local/Programs/TeXLive/2022/texmf-dist/tex/generic/babel/luababel.def
\bbl@attr@locale=\attribute4
) (c:/Users/michi/AppData/Local/Programs/TeXLive/2022/texmf-dist/tex/generic/babel-german/german.ldf
Language: german 2021/02/27 v2.13 German support for babel (pre-1996 orthography)
 (c:/Users/michi/AppData/Local/Programs/TeXLive/2022/texmf-dist/tex/generic/babel-german/germanb.ldf
Language: germanb 2021/02/27 v2.13 German support for babel (pre-1996 orthography)
Package babel Info: Making " an active character on input line 139.
 (c:/Users/michi/AppData/Local/Programs/TeXLive/2022/texmf-dist/tex/generic/hyph-utf8/loadhyph/loadhyph-de-1901.tex UTF-8 German hyphenation patterns (traditional orthography) (c:/Users/michi/AppData/Local/Programs/TeXLive/2022/texmf-dist/tex/generic/hyph-utf8/patterns/tex/hyph-de-1901.tex German Hyphenation Patterns (Traditional Orthography) `dehypht-x' 2021-02-26 (WL)))))) (c:/Users/michi/AppData/Local/Programs/TeXLive/2022/texmf-dist/tex/generic/babel/locale/de/babel-german.tex
Package babel Info: Importing font and identification data for german
(babel)             from babel-de-1901.ini. Reported on input line 25.
)

Package fontspec Info: Font family 'NotoSans(0)' created for font 'NotoSans'
(fontspec)             with options [Ligatures=TeX,Path = fonts/,Extension =
(fontspec)             .ttf,UprightFont = *-Regular,BoldFont =
(fontspec)             *-Bold,ItalicFont = *-Italic,BoldItalicFont =
(fontspec)             *-BoldItalic].
(fontspec)              
(fontspec)              This font family consists of the following NFSS
(fontspec)             series/shapes:
(fontspec)              
(fontspec)             - 'normal' (m/n) with NFSS spec.:
(fontspec)             <->"[fonts/NotoSans-Regular.ttf]:mode=node;script=latn;language=dflt;+tlig;"
(fontspec)             - 'small caps'  (m/sc) with NFSS spec.:
(fontspec)             <->"[fonts/NotoSans-Regular.ttf]:mode=node;script=latn;language=dflt;+tlig;+smcp;"
(fontspec)             - 'bold' (b/n) with NFSS spec.:
(fontspec)             <->"[fonts/NotoSans-Bold.ttf]:mode=node;script=latn;language=dflt;+tlig;"
(fontspec)             - 'bold small caps'  (b/sc) with NFSS spec.:
(fontspec)             <->"[fonts/NotoSans-Bold.ttf]:mode=node;script=latn;language=dflt;+tlig;+smcp;"
(fontspec)             - 'italic' (m/it) with NFSS spec.:
(fontspec)             <->"[fonts/NotoSans-Italic.ttf]:mode=node;script=latn;language=dflt;+tlig;"
(fontspec)             - 'italic small caps'  (m/scit) with NFSS spec.:
(fontspec)             <->"[fonts/NotoSans-Italic.ttf]:mode=node;script=latn;language=dflt;+tlig;+smcp;"
(fontspec)             - 'bold italic' (b/it) with NFSS spec.:
(fontspec)             <->"[fonts/NotoSans-BoldItalic.ttf]:mode=node;script=latn;language=dflt;+tlig;"
(fontspec)             - 'bold italic small caps'  (b/scit) with NFSS spec.:
(fontspec)             <->"[fonts/NotoSans-BoldItalic.ttf]:mode=node;script=latn;language=dflt;+tlig;+smcp;"


Package fontspec Info: Font family 'NotoSansMono(0)' created for font
(fontspec)             'NotoSansMono' with options
(fontspec)             [WordSpace={1,0,0},HyphenChar=None,PunctuationSpace=WordSpace,Path
(fontspec)             = fonts/,Extension = .ttf,UprightFont =
(fontspec)             *-Regular,BoldFont = *-Bold].
(fontspec)              
(fontspec)              This font family consists of the following NFSS
(fontspec)             series/shapes:
(fontspec)              
(fontspec)             - 'normal' (m/n) with NFSS spec.:
(fontspec)             <->"[fonts/NotoSansMono-Regular.ttf]:mode=node;script=latn;language=dflt;"
(fontspec)             - 'small caps'  (m/sc) with NFSS spec.:
(fontspec)             <->"[fonts/NotoSansMono-Regular.ttf]:mode=node;script=latn;language=dflt;+smcp;"
(fontspec)             and font adjustment code:
(fontspec)             \fontdimen 2\font =1\fontdimen 2\font \fontdimen 3\font
(fontspec)             =0\fontdimen 3\font \fontdimen 4\font =0\fontdimen
(fontspec)             4\font \fontdimen 7\font =0\fontdimen 2\font
(fontspec)             \tex_hyphenchar:D \font =-1\scan_stop: 
(fontspec)             - 'bold' (b/n) with NFSS spec.:
(fontspec)             <->"[fonts/NotoSansMono-Bold.ttf]:mode=node;script=latn;language=dflt;"
(fontspec)             - 'bold small caps'  (b/sc) with NFSS spec.:
(fontspec)             <->"[fonts/NotoSansMono-Bold.ttf]:mode=node;script=latn;language=dflt;+smcp;"
(fontspec)             and font adjustment code:
(fontspec)             \fontdimen 2\font =1\fontdimen 2\font \fontdimen 3\font
(fontspec)             =0\fontdimen 3\font \fontdimen 4\font =0\fontdimen
(fontspec)             4\font \fontdimen 7\font =0\fontdimen 2\font
(fontspec)             \tex_hyphenchar:D \font =-1\scan_stop: 

 (./styles/history.sty
Rene Hampölz, 2023
(c:/Users/michi/AppData/Local/Programs/TeXLive/2022/texmf-dist/tex/latex/tools/calc.sty
Package: calc 2017/05/25 v4.3 Infix arithmetic (KKT,FJ)
\calc@Acount=\count270
\calc@Bcount=\count271
\calc@Adimen=\dimen150
\calc@Bdimen=\dimen151
\calc@Askip=\skip50
\calc@Bskip=\skip51
LaTeX Info: Redefining \setlength on input line 80.
LaTeX Info: Redefining \addtolength on input line 81.
\calc@Ccount=\count272
\calc@Cskip=\skip52
) (c:/Users/michi/AppData/Local/Programs/TeXLive/2022/texmf-dist/tex/latex/booktabs/booktabs.sty
Package: booktabs 2020/01/12 v1.61803398 Publication quality tables
\heavyrulewidth=\dimen152
\lightrulewidth=\dimen153
\cmidrulewidth=\dimen154
\belowrulesep=\dimen155
\belowbottomsep=\dimen156
\aboverulesep=\dimen157
\abovetopsep=\dimen158
\cmidrulesep=\dimen159
\cmidrulekern=\dimen160
\defaultaddspace=\dimen161
\@cmidla=\count273
\@cmidlb=\count274
\@aboverulesep=\dimen162
\@belowrulesep=\dimen163
\@thisruleclass=\count275
\@lastruleclass=\count276
\@thisrulewidth=\dimen164
) (c:/Users/michi/AppData/Local/Programs/TeXLive/2022/texmf-dist/tex/latex/ltablex/ltablex.sty
Package: ltablex 2014/08/13 v1.1 Modified tabularx
 (c:/Users/michi/AppData/Local/Programs/TeXLive/2022/texmf-dist/tex/latex/tools/longtable.sty
Package: longtable 2021-09-01 v4.17 Multi-page Table package (DPC)
\LTleft=\skip53
\LTright=\skip54
\LTpre=\skip55
\LTpost=\skip56
\LTchunksize=\count277
\LTcapwidth=\dimen165
\LT@head=\box52
\LT@firsthead=\box53
\LT@foot=\box54
\LT@lastfoot=\box55
\LT@gbox=\box56
\LT@cols=\count278
\LT@rows=\count279
\c@LT@tables=\count280
\c@LT@chunks=\count281
\LT@p@ftn=\toks17
) (c:/Users/michi/AppData/Local/Programs/TeXLive/2022/texmf-dist/tex/latex/tools/tabularx.sty
Package: tabularx 2020/01/15 v2.11c `tabularx' package (DPC)
 (c:/Users/michi/AppData/Local/Programs/TeXLive/2022/texmf-dist/tex/latex/tools/array.sty
Package: array 2022/09/04 v2.5g Tabular extension package (FMi)
\col@sep=\dimen166
\ar@mcellbox=\box57
\extrarowheight=\dimen167
\NC@list=\toks18
\extratabsurround=\skip57
\backup@length=\skip58
\ar@cellbox=\box58
)
\TX@col@width=\dimen168
\TX@old@table=\dimen169
\TX@old@col=\dimen170
\TX@target=\dimen171
\TX@delta=\dimen172
\TX@cols=\count282
\TX@ftn=\toks19
)) (c:/Users/michi/AppData/Local/Programs/TeXLive/2022/texmf-dist/tex/latex/environ/environ.sty
Package: environ 2014/05/04 v0.3 A new way to define environments
 (c:/Users/michi/AppData/Local/Programs/TeXLive/2022/texmf-dist/tex/latex/trimspaces/trimspaces.sty
Package: trimspaces 2009/09/17 v1.1 Trim spaces around a token list
)
\@envbody=\toks20
) (c:/Users/michi/AppData/Local/Programs/TeXLive/2022/texmf-dist/tex/latex/ifplatform/ifplatform.sty
Package: ifplatform 2017/10/13 v0.4a Testing for the operating system
 (c:/Users/michi/AppData/Local/Programs/TeXLive/2022/texmf-dist/tex/latex/tools/shellesc.sty
Package: shellesc 2019/11/08 v1.0c unified shell escape interface for LaTeX
Package shellesc Info: Unrestricted shell escape enabled on input line 75.
) (c:/Users/michi/AppData/Local/Programs/TeXLive/2022/texmf-dist/tex/generic/pdftexcmds/pdftexcmds.sty
Package: pdftexcmds 2020-06-27 v0.33 Utility functions of pdfTeX for LuaTeX (HO)
 (c:/Users/michi/AppData/Local/Programs/TeXLive/2022/texmf-dist/tex/generic/infwarerr/infwarerr.sty
Package: infwarerr 2019/12/03 v1.5 Providing info/warning/error messages (HO)
) (c:/Users/michi/AppData/Local/Programs/TeXLive/2022/texmf-dist/tex/generic/iftex/iftex.sty
Package: iftex 2022/02/03 v1.0f TeX engine tests
) (c:/Users/michi/AppData/Local/Programs/TeXLive/2022/texmf-dist/tex/generic/ltxcmds/ltxcmds.sty
Package: ltxcmds 2020-05-10 v1.25 LaTeX kernel commands for general use (HO)
)
Package pdftexcmds Info: \pdf@primitive is available.
Package pdftexcmds Info: \pdf@ifprimitive is available.
Package pdftexcmds Info: \pdfdraftmode found.
\pdftexcmds@toks=\toks21
) (c:/Users/michi/AppData/Local/Programs/TeXLive/2022/texmf-dist/tex/generic/catchfile/catchfile.sty
Package: catchfile 2019/12/09 v1.8 Catch the contents of a file (HO)
 (c:/Users/michi/AppData/Local/Programs/TeXLive/2022/texmf-dist/tex/generic/etexcmds/etexcmds.sty
Package: etexcmds 2019/12/15 v1.7 Avoid name clashes with e-TeX commands (HO)
)) (c:/Users/michi/AppData/Local/Programs/TeXLive/2022/texmf-dist/tex/generic/iftex/ifluatex.sty
Package: ifluatex 2019/10/25 v1.5 ifluatex legacy package. Use iftex instead.
))
runsystem(call ./scripts/history.bat timeline "\HistoryTimelineTitle " "5" "" > ./out/historytl.tmp)...failed 
runsystem(call ./scripts/history.bat table "\HistoryTableTitle " "0" "" > ./out/historytab.tmp)...failed 
\inlineheight=\skip59
\inlinedepth=\skip60
) (./styles/commands.sty (c:/Users/michi/AppData/Local/Programs/TeXLive/2022/texmf-dist/tex/latex/xcolor/xcolor.sty
Package: xcolor 2022/06/12 v2.14 LaTeX color extensions (UK)
 (c:/Users/michi/AppData/Local/Programs/TeXLive/2022/texmf-dist/tex/latex/graphics-cfg/color.cfg
File: color.cfg 2016/01/02 v1.6 sample color configuration
)
Package xcolor Info: Driver file: luatex.def on input line 227.
 (c:/Users/michi/AppData/Local/Programs/TeXLive/2022/texmf-dist/tex/latex/graphics/mathcolor.ltx)
Package xcolor Info: Model `cmy' substituted by `cmy0' on input line 1353.
Package xcolor Info: Model `hsb' substituted by `rgb' on input line 1357.
Package xcolor Info: Model `RGB' extended on input line 1369.
Package xcolor Info: Model `HTML' substituted by `rgb' on input line 1371.
Package xcolor Info: Model `Hsb' substituted by `hsb' on input line 1372.
Package xcolor Info: Model `tHsb' substituted by `hsb' on input line 1373.
Package xcolor Info: Model `HSB' substituted by `hsb' on input line 1374.
Package xcolor Info: Model `Gray' substituted by `gray' on input line 1375.
Package xcolor Info: Model `wave' substituted by `hsb' on input line 1376.
)) (./styles/htbla.sty
Rene Hampölz, 2023
(c:/Users/michi/AppData/Local/Programs/TeXLive/2022/texmf-dist/tex/latex/hyperref/hyperref.sty
Package: hyperref 2023-02-07 v7.00v Hypertext links for LaTeX
 (c:/Users/michi/AppData/Local/Programs/TeXLive/2022/texmf-dist/tex/latex/kvsetkeys/kvsetkeys.sty
Package: kvsetkeys 2022-10-05 v1.19 Key value parser (HO)
) (c:/Users/michi/AppData/Local/Programs/TeXLive/2022/texmf-dist/tex/generic/kvdefinekeys/kvdefinekeys.sty
Package: kvdefinekeys 2019-12-19 v1.6 Define keys (HO)
) (c:/Users/michi/AppData/Local/Programs/TeXLive/2022/texmf-dist/tex/generic/pdfescape/pdfescape.sty
Package: pdfescape 2019/12/09 v1.15 Implements pdfTeX's escape features (HO)
) (c:/Users/michi/AppData/Local/Programs/TeXLive/2022/texmf-dist/tex/latex/hycolor/hycolor.sty
Package: hycolor 2020-01-27 v1.10 Color options for hyperref/bookmark (HO)
) (c:/Users/michi/AppData/Local/Programs/TeXLive/2022/texmf-dist/tex/latex/letltxmacro/letltxmacro.sty
Package: letltxmacro 2019/12/03 v1.6 Let assignment for LaTeX macros (HO)
) (c:/Users/michi/AppData/Local/Programs/TeXLive/2022/texmf-dist/tex/latex/auxhook/auxhook.sty
Package: auxhook 2019-12-17 v1.6 Hooks for auxiliary files (HO)
) (c:/Users/michi/AppData/Local/Programs/TeXLive/2022/texmf-dist/tex/latex/hyperref/nameref.sty
Package: nameref 2022-05-17 v2.50 Cross-referencing by name of section
 (c:/Users/michi/AppData/Local/Programs/TeXLive/2022/texmf-dist/tex/latex/refcount/refcount.sty
Package: refcount 2019/12/15 v3.6 Data extraction from label references (HO)
) (c:/Users/michi/AppData/Local/Programs/TeXLive/2022/texmf-dist/tex/generic/gettitlestring/gettitlestring.sty
Package: gettitlestring 2019/12/15 v1.6 Cleanup title references (HO)
 (c:/Users/michi/AppData/Local/Programs/TeXLive/2022/texmf-dist/tex/latex/kvoptions/kvoptions.sty
Package: kvoptions 2022-06-15 v3.15 Key value format for package options (HO)
))
\c@section@level=\count283
)
\@linkdim=\dimen173
\Hy@linkcounter=\count284
\Hy@pagecounter=\count285
 (c:/Users/michi/AppData/Local/Programs/TeXLive/2022/texmf-dist/tex/latex/hyperref/pd1enc.def
File: pd1enc.def 2023-02-07 v7.00v Hyperref: PDFDocEncoding definition (HO)
) (c:/Users/michi/AppData/Local/Programs/TeXLive/2022/texmf-dist/tex/generic/intcalc/intcalc.sty
Package: intcalc 2019/12/15 v1.3 Expandable calculations with integers (HO)
)
\Hy@SavedSpaceFactor=\count286
 (c:/Users/michi/AppData/Local/Programs/TeXLive/2022/texmf-dist/tex/latex/hyperref/puenc.def
File: puenc.def 2023-02-07 v7.00v Hyperref: PDF Unicode definition (HO)
)
Package hyperref Info: Hyper figures OFF on input line 4177.
Package hyperref Info: Link nesting OFF on input line 4182.
Package hyperref Info: Hyper index ON on input line 4185.
Package hyperref Info: Plain pages OFF on input line 4192.
Package hyperref Info: Backreferencing OFF on input line 4197.
Package hyperref Info: Implicit mode ON; LaTeX internals redefined.
Package hyperref Info: Bookmarks ON on input line 4425.
\c@Hy@tempcnt=\count287
 (c:/Users/michi/AppData/Local/Programs/TeXLive/2022/texmf-dist/tex/latex/url/url.sty
\Urlmuskip=\muskip16
Package: url 2013/09/16  ver 3.4  Verb mode for urls, etc.
)
LaTeX Info: Redefining \url on input line 4763.
\XeTeXLinkMargin=\dimen174
 (c:/Users/michi/AppData/Local/Programs/TeXLive/2022/texmf-dist/tex/generic/bitset/bitset.sty
Package: bitset 2019/12/09 v1.3 Handle bit-vector datatype (HO)
 (c:/Users/michi/AppData/Local/Programs/TeXLive/2022/texmf-dist/tex/generic/bigintcalc/bigintcalc.sty
Package: bigintcalc 2019/12/15 v1.5 Expandable calculations on big integers (HO)
))
\Fld@menulength=\count288
\Field@Width=\dimen175
\Fld@charsize=\dimen176
Package hyperref Info: Hyper figures OFF on input line 6042.
Package hyperref Info: Link nesting OFF on input line 6047.
Package hyperref Info: Hyper index ON on input line 6050.
Package hyperref Info: backreferencing OFF on input line 6057.
Package hyperref Info: Link coloring OFF on input line 6062.
Package hyperref Info: Link coloring with OCG OFF on input line 6067.
Package hyperref Info: PDF/A mode OFF on input line 6072.
 (c:/Users/michi/AppData/Local/Programs/TeXLive/2022/texmf-dist/tex/latex/base/atbegshi-ltx.sty
Package: atbegshi-ltx 2021/01/10 v1.0c Emulation of the original atbegshi
package with kernel methods
)
\Hy@abspage=\count289
\c@Item=\count290
\c@Hfootnote=\count291
)
Package hyperref Info: Driver (autodetected): hluatex.
 (c:/Users/michi/AppData/Local/Programs/TeXLive/2022/texmf-dist/tex/latex/hyperref/hluatex.def
File: hluatex.def 2023-02-07 v7.00v Hyperref driver for luaTeX
 (c:/Users/michi/AppData/Local/Programs/TeXLive/2022/texmf-dist/tex/generic/stringenc/stringenc.sty
Package: stringenc 2019/11/29 v1.12 Convert strings between diff. encodings (HO)
) (c:/Users/michi/AppData/Local/Programs/TeXLive/2022/texmf-dist/tex/latex/base/atveryend-ltx.sty
Package: atveryend-ltx 2020/08/19 v1.0a Emulation of the original atveryend package
with kernel methods
)
\Fld@listcount=\count292
\c@bookmark@seq@number=\count293
 (c:/Users/michi/AppData/Local/Programs/TeXLive/2022/texmf-dist/tex/latex/rerunfilecheck/rerunfilecheck.sty
Package: rerunfilecheck 2022-07-10 v1.10 Rerun checks for auxiliary files (HO)
 (c:/Users/michi/AppData/Local/Programs/TeXLive/2022/texmf-dist/tex/generic/uniquecounter/uniquecounter.sty
Package: uniquecounter 2019/12/15 v1.4 Provide unlimited unique counter (HO)
)
Package uniquecounter Info: New unique counter `rerunfilecheck' on input line 285.
)
\Hy@SectionHShift=\skip61
)
Package hyperref Info: Option `colorlinks' set `true' on input line 19.
 (c:/Users/michi/AppData/Local/Programs/TeXLive/2022/texmf-dist/tex/latex/geometry/geometry.sty
Package: geometry 2020/01/02 v5.9 Page Geometry
 (c:/Users/michi/AppData/Local/Programs/TeXLive/2022/texmf-dist/tex/generic/iftex/ifvtex.sty
Package: ifvtex 2019/10/25 v1.7 ifvtex legacy package. Use iftex instead.
)
\Gm@cnth=\count294
\Gm@cntv=\count295
\c@Gm@tempcnt=\count296
\Gm@bindingoffset=\dimen177
\Gm@wd@mp=\dimen178
\Gm@odd@mp=\dimen179
\Gm@even@mp=\dimen180
\Gm@layoutwidth=\dimen181
\Gm@layoutheight=\dimen182
\Gm@layouthoffset=\dimen183
\Gm@layoutvoffset=\dimen184
\Gm@dimlist=\toks22
) (c:/Users/michi/AppData/Local/Programs/TeXLive/2022/texmf-dist/tex/latex/fancyhdr/fancyhdr.sty
Package: fancyhdr 2022/11/09 v4.1 Extensive control of page headers and footers
\f@nch@headwidth=\skip62
\f@nch@O@elh=\skip63
\f@nch@O@erh=\skip64
\f@nch@O@olh=\skip65
\f@nch@O@orh=\skip66
\f@nch@O@elf=\skip67
\f@nch@O@erf=\skip68
\f@nch@O@olf=\skip69
\f@nch@O@orf=\skip70
)) (./styles/htbla-thesis.sty
Rene Hampölz, 2023
(c:/Users/michi/AppData/Local/Programs/TeXLive/2022/texmf-dist/tex/latex/pgf/utilities/pgffor.sty (c:/Users/michi/AppData/Local/Programs/TeXLive/2022/texmf-dist/tex/latex/pgf/utilities/pgfrcs.sty (c:/Users/michi/AppData/Local/Programs/TeXLive/2022/texmf-dist/tex/generic/pgf/utilities/pgfutil-common.tex
\pgfutil@everybye=\toks23
\pgfutil@tempdima=\dimen185
\pgfutil@tempdimb=\dimen186
) (c:/Users/michi/AppData/Local/Programs/TeXLive/2022/texmf-dist/tex/generic/pgf/utilities/pgfutil-latex.def
\pgfutil@abb=\box59
) (c:/Users/michi/AppData/Local/Programs/TeXLive/2022/texmf-dist/tex/generic/pgf/utilities/pgfrcs.code.tex (c:/Users/michi/AppData/Local/Programs/TeXLive/2022/texmf-dist/tex/generic/pgf/pgf.revision.tex)
Package: pgfrcs 2023-01-15 v3.1.10 (3.1.10)
)) (c:/Users/michi/AppData/Local/Programs/TeXLive/2022/texmf-dist/tex/latex/pgf/utilities/pgfkeys.sty (c:/Users/michi/AppData/Local/Programs/TeXLive/2022/texmf-dist/tex/generic/pgf/utilities/pgfkeys.code.tex
\pgfkeys@pathtoks=\toks24
\pgfkeys@temptoks=\toks25
 (c:/Users/michi/AppData/Local/Programs/TeXLive/2022/texmf-dist/tex/generic/pgf/utilities/pgfkeyslibraryfiltered.code.tex
\pgfkeys@tmptoks=\toks26
))) (c:/Users/michi/AppData/Local/Programs/TeXLive/2022/texmf-dist/tex/latex/pgf/math/pgfmath.sty (c:/Users/michi/AppData/Local/Programs/TeXLive/2022/texmf-dist/tex/generic/pgf/math/pgfmath.code.tex (c:/Users/michi/AppData/Local/Programs/TeXLive/2022/texmf-dist/tex/generic/pgf/math/pgfmathutil.code.tex
\pgf@x=\dimen187
\pgf@xa=\dimen188
\pgf@xb=\dimen189
\pgf@xc=\dimen190
\pgf@y=\dimen191
\pgf@ya=\dimen192
\pgf@yb=\dimen193
\pgf@yc=\dimen194
\c@pgf@counta=\count297
\c@pgf@countb=\count298
\c@pgf@countc=\count299
\c@pgf@countd=\count300
) (c:/Users/michi/AppData/Local/Programs/TeXLive/2022/texmf-dist/tex/generic/pgf/math/pgfmathparser.code.tex
\pgfmath@dimen=\dimen195
\pgfmath@count=\count301
\pgfmath@box=\box60
\pgfmath@toks=\toks27
\pgfmath@stack@operand=\toks28
\pgfmath@stack@operation=\toks29
) (c:/Users/michi/AppData/Local/Programs/TeXLive/2022/texmf-dist/tex/generic/pgf/math/pgfmathfunctions.code.tex) (c:/Users/michi/AppData/Local/Programs/TeXLive/2022/texmf-dist/tex/generic/pgf/math/pgfmathfunctions.basic.code.tex) (c:/Users/michi/AppData/Local/Programs/TeXLive/2022/texmf-dist/tex/generic/pgf/math/pgfmathfunctions.trigonometric.code.tex) (c:/Users/michi/AppData/Local/Programs/TeXLive/2022/texmf-dist/tex/generic/pgf/math/pgfmathfunctions.random.code.tex) (c:/Users/michi/AppData/Local/Programs/TeXLive/2022/texmf-dist/tex/generic/pgf/math/pgfmathfunctions.comparison.code.tex) (c:/Users/michi/AppData/Local/Programs/TeXLive/2022/texmf-dist/tex/generic/pgf/math/pgfmathfunctions.base.code.tex) (c:/Users/michi/AppData/Local/Programs/TeXLive/2022/texmf-dist/tex/generic/pgf/math/pgfmathfunctions.round.code.tex) (c:/Users/michi/AppData/Local/Programs/TeXLive/2022/texmf-dist/tex/generic/pgf/math/pgfmathfunctions.misc.code.tex) (c:/Users/michi/AppData/Local/Programs/TeXLive/2022/texmf-dist/tex/generic/pgf/math/pgfmathfunctions.integerarithmetics.code.tex) (c:/Users/michi/AppData/Local/Programs/TeXLive/2022/texmf-dist/tex/generic/pgf/math/pgfmathcalc.code.tex) (c:/Users/michi/AppData/Local/Programs/TeXLive/2022/texmf-dist/tex/generic/pgf/math/pgfmathfloat.code.tex
\c@pgfmathroundto@lastzeros=\count302
))) (c:/Users/michi/AppData/Local/Programs/TeXLive/2022/texmf-dist/tex/generic/pgf/utilities/pgffor.code.tex
Package: pgffor 2023-01-15 v3.1.10 (3.1.10)
\pgffor@iter=\dimen196
\pgffor@skip=\dimen197
\pgffor@stack=\toks30
\pgffor@toks=\toks31
)) (c:/Users/michi/AppData/Local/Programs/TeXLive/2022/texmf-dist/tex/latex/acronym/acronym.sty
Package: acronym 2020/04/17 v1.47 Support for acronyms (Tobias Oetiker)
 (c:/Users/michi/AppData/Local/Programs/TeXLive/2022/texmf-dist/tex/latex/bigfoot/suffix.sty
Package: suffix 2006/07/15 1.5a Variant command support
) (c:/Users/michi/AppData/Local/Programs/TeXLive/2022/texmf-dist/tex/generic/xstring/xstring.sty (c:/Users/michi/AppData/Local/Programs/TeXLive/2022/texmf-dist/tex/generic/xstring/xstring.tex
\integerpart=\count303
\decimalpart=\count304
)
Package: xstring 2023/01/14 v1.85 String manipulations (CT)
)
\AC@clearlist=\toks32
)
\c@CountDiplomanden=\count305
\c@CountBetreuer=\count306
\c@CountFirma=\count307
) (c:/Users/michi/AppData/Local/Programs/TeXLive/2022/texmf-dist/tex/latex/amsmath/amsmath.sty
Package: amsmath 2022/04/08 v2.17n AMS math features
\@mathmargin=\skip71

For additional information on amsmath, use the `?' option.
(c:/Users/michi/AppData/Local/Programs/TeXLive/2022/texmf-dist/tex/latex/amsmath/amstext.sty
Package: amstext 2021/08/26 v2.01 AMS text
 (c:/Users/michi/AppData/Local/Programs/TeXLive/2022/texmf-dist/tex/latex/amsmath/amsgen.sty
File: amsgen.sty 1999/11/30 v2.0 generic functions
\@emptytoks=\toks33
\ex@=\dimen198
)) (c:/Users/michi/AppData/Local/Programs/TeXLive/2022/texmf-dist/tex/latex/amsmath/amsbsy.sty
Package: amsbsy 1999/11/29 v1.2d Bold Symbols
\pmbraise@=\dimen199
) (c:/Users/michi/AppData/Local/Programs/TeXLive/2022/texmf-dist/tex/latex/amsmath/amsopn.sty
Package: amsopn 2022/04/08 v2.04 operator names
)
\inf@bad=\count308
LaTeX Info: Redefining \frac on input line 236.
\uproot@=\count309
\leftroot@=\count310
LaTeX Info: Redefining \overline on input line 399.
LaTeX Info: Redefining \colon on input line 410.
\classnum@=\count311
\DOTSCASE@=\count312
LaTeX Info: Redefining \ldots on input line 496.
LaTeX Info: Redefining \dots on input line 499.
LaTeX Info: Redefining \cdots on input line 620.
\Mathstrutbox@=\box61
\strutbox@=\box62
LaTeX Info: Redefining \big on input line 722.
LaTeX Info: Redefining \Big on input line 723.
LaTeX Info: Redefining \bigg on input line 724.
LaTeX Info: Redefining \Bigg on input line 725.
\big@size=\dimen256
LaTeX Font Info:    Redeclaring font encoding OML on input line 743.
LaTeX Font Info:    Redeclaring font encoding OMS on input line 744.
\macc@depth=\count313
LaTeX Info: Redefining \bmod on input line 905.
LaTeX Info: Redefining \pmod on input line 910.
LaTeX Info: Redefining \smash on input line 940.
LaTeX Info: Redefining \relbar on input line 970.
LaTeX Info: Redefining \Relbar on input line 971.
\c@MaxMatrixCols=\count314
\dotsspace@=\muskip17
\c@parentequation=\count315
\dspbrk@lvl=\count316
\tag@help=\toks34
\row@=\count317
\column@=\count318
\maxfields@=\count319
\andhelp@=\toks35
\eqnshift@=\dimen257
\alignsep@=\dimen258
\tagshift@=\dimen259
\tagwidth@=\dimen260
\totwidth@=\dimen261
\lineht@=\dimen262
\@envbody=\toks36
\multlinegap=\skip72
\multlinetaggap=\skip73
\mathdisplay@stack=\toks37
LaTeX Info: Redefining \[ on input line 2953.
LaTeX Info: Redefining \] on input line 2954.
) (c:/Users/michi/AppData/Local/Programs/TeXLive/2022/texmf-dist/tex/latex/amsfonts/amssymb.sty
Package: amssymb 2013/01/14 v3.01 AMS font symbols
 (c:/Users/michi/AppData/Local/Programs/TeXLive/2022/texmf-dist/tex/latex/amsfonts/amsfonts.sty
Package: amsfonts 2013/01/14 v3.01 Basic AMSFonts support
\symAMSa=\mathgroup4
\symAMSb=\mathgroup5
LaTeX Font Info:    Redeclaring math symbol \hbar on input line 98.
LaTeX Font Info:    Overwriting math alphabet `\mathfrak' in version `bold'
(Font)                  U/euf/m/n --> U/euf/b/n on input line 106.
)) (c:/Users/michi/AppData/Local/Programs/TeXLive/2022/texmf-dist/tex/latex/tocvsec2/tocvsec2.sty
Package: tocvsec2 2014/03/10 v1.3a variable ToC section entries
 (c:/Users/michi/AppData/Local/Programs/TeXLive/2022/texmf-dist/tex/latex/base/ifthen.sty
Package: ifthen 2022/04/13 v1.1d Standard LaTeX ifthen package (DPC)
)
\c@max@tocdepth=\count320
\c@max@secnumdepth=\count321
) (c:/Users/michi/AppData/Local/Programs/TeXLive/2022/texmf-dist/tex/latex/csquotes/csquotes.sty
Package: csquotes 2022-09-14 v5.2n context-sensitive quotations (JAW)
 (c:/Users/michi/AppData/Local/Programs/TeXLive/2022/texmf-dist/tex/latex/etoolbox/etoolbox.sty
Package: etoolbox 2020/10/05 v2.5k e-TeX tools for LaTeX (JAW)
\etb@tempcnta=\count322
)
\csq@reset=\count323
\csq@gtype=\count324
\csq@glevel=\count325
\csq@qlevel=\count326
\csq@maxlvl=\count327
\csq@tshold=\count328
\csq@ltx@everypar=\toks38
 (c:/Users/michi/AppData/Local/Programs/TeXLive/2022/texmf-dist/tex/latex/csquotes/csquotes.def
File: csquotes.def 2022-09-14 v5.2n csquotes generic definitions (JAW)
)
Package csquotes Info: Trying to load configuration file 'csquotes.cfg'...
Package csquotes Info: ... configuration file loaded successfully.
 (c:/Users/michi/AppData/Local/Programs/TeXLive/2022/texmf-dist/tex/latex/csquotes/csquotes.cfg
File: csquotes.cfg 
)) (c:/Users/michi/AppData/Local/Programs/TeXLive/2022/texmf-dist/tex/latex/parskip/parskip.sty
Package: parskip 2021-03-14 v2.0h non-zero parskip adjustments
) (c:/Users/michi/AppData/Local/Programs/TeXLive/2022/texmf-dist/tex/latex/float/float.sty
Package: float 2001/11/08 v1.3d Float enhancements (AL)
\c@float@type=\count329
\float@exts=\toks39
\float@box=\box63
\@float@everytoks=\toks40
\@floatcapt=\box64
) (c:/Users/michi/AppData/Local/Programs/TeXLive/2022/texmf-dist/tex/latex/biblatex/biblatex.sty
Package: biblatex 2023/03/05 v3.19 programmable bibliographies (PK/MW)
 (c:/Users/michi/AppData/Local/Programs/TeXLive/2022/texmf-dist/tex/latex/logreq/logreq.sty
Package: logreq 2010/08/04 v1.0 xml request logger
\lrq@indent=\count330
 (c:/Users/michi/AppData/Local/Programs/TeXLive/2022/texmf-dist/tex/latex/logreq/logreq.def
File: logreq.def 2010/08/04 v1.0 logreq spec v1.0
))
\c@tabx@nest=\count331
\c@listtotal=\count332
\c@listcount=\count333
\c@liststart=\count334
\c@liststop=\count335
\c@citecount=\count336
\c@citetotal=\count337
\c@multicitecount=\count338
\c@multicitetotal=\count339
\c@instcount=\count340
\c@maxnames=\count341
\c@minnames=\count342
\c@maxitems=\count343
\c@minitems=\count344
\c@citecounter=\count345
\c@maxcitecounter=\count346
\c@savedcitecounter=\count347
\c@uniquelist=\count348
\c@uniquename=\count349
\c@refsection=\count350
\c@refsegment=\count351
\c@maxextratitle=\count352
\c@maxextratitleyear=\count353
\c@maxextraname=\count354
\c@maxextradate=\count355
\c@maxextraalpha=\count356
\c@abbrvpenalty=\count357
\c@highnamepenalty=\count358
\c@lownamepenalty=\count359
\c@maxparens=\count360
\c@parenlevel=\count361
\blx@tempcnta=\count362
\blx@tempcntb=\count363
\blx@tempcntc=\count364
\c@blx@maxsection=\count365
\blx@maxsegment@0=\count366
\blx@notetype=\count367
\blx@parenlevel@text=\count368
\blx@parenlevel@foot=\count369
\blx@sectionciteorder@0=\count370
\blx@sectionciteorderinternal@0=\count371
\blx@entrysetcounter=\count372
\blx@biblioinstance=\count373
\labelnumberwidth=\skip74
\labelalphawidth=\skip75
\biblabelsep=\skip76
\bibitemsep=\skip77
\bibnamesep=\skip78
\bibinitsep=\skip79
\bibparsep=\skip80
\bibhang=\skip81
\blx@bcfin=\read3
\blx@bcfout=\write3
\blx@langwohyphens=\language89
\c@mincomprange=\count374
\c@maxcomprange=\count375
\c@mincompwidth=\count376
Package biblatex Info: Trying to load biblatex default data model...
Package biblatex Info: ... file 'blx-dm.def' found.
 (c:/Users/michi/AppData/Local/Programs/TeXLive/2022/texmf-dist/tex/latex/biblatex/blx-dm.def
File: blx-dm.def 2023/03/05 v3.19 biblatex localization (PK/MW)
)
Package biblatex Info: Trying to load biblatex style data model...
Package biblatex Info: ... file 'iso-numeric.dbx' found.
 (c:/Users/michi/AppData/Local/Programs/TeXLive/2022/texmf-dist/tex/latex/biblatex-iso690/iso-numeric.dbx
File: iso-numeric.dbx 2022/03/20 v0.4.1 ISO 690 biblatex data model extension
)
Package biblatex Info: Trying to load biblatex custom data model...
Package biblatex Info: ... file 'biblatex-dm.cfg' not found.
\c@afterword=\count377
\c@savedafterword=\count378
\c@annotator=\count379
\c@savedannotator=\count380
\c@author=\count381
\c@savedauthor=\count382
\c@bookauthor=\count383
\c@savedbookauthor=\count384
\c@commentator=\count385
\c@savedcommentator=\count386
\c@editor=\count387
\c@savededitor=\count388
\c@editora=\count389
\c@savededitora=\count390
\c@editorb=\count391
\c@savededitorb=\count392
\c@editorc=\count393
\c@savededitorc=\count394
\c@foreword=\count395
\c@savedforeword=\count396
\c@holder=\count397
\c@savedholder=\count398
\c@introduction=\count399
\c@savedintroduction=\count400
\c@namea=\count401
\c@savednamea=\count402
\c@nameb=\count403
\c@savednameb=\count404
\c@namec=\count405
\c@savednamec=\count406
\c@translator=\count407
\c@savedtranslator=\count408
\c@shortauthor=\count409
\c@savedshortauthor=\count410
\c@shorteditor=\count411
\c@savedshorteditor=\count412
\c@supervisor=\count413
\c@savedsupervisor=\count414
\c@labelname=\count415
\c@savedlabelname=\count416
\c@institution=\count417
\c@savedinstitution=\count418
\c@lista=\count419
\c@savedlista=\count420
\c@listb=\count421
\c@savedlistb=\count422
\c@listc=\count423
\c@savedlistc=\count424
\c@listd=\count425
\c@savedlistd=\count426
\c@liste=\count427
\c@savedliste=\count428
\c@listf=\count429
\c@savedlistf=\count430
\c@location=\count431
\c@savedlocation=\count432
\c@organization=\count433
\c@savedorganization=\count434
\c@origlocation=\count435
\c@savedoriglocation=\count436
\c@origpublisher=\count437
\c@savedorigpublisher=\count438
\c@publisher=\count439
\c@savedpublisher=\count440
\c@language=\count441
\c@savedlanguage=\count442
\c@origlanguage=\count443
\c@savedoriglanguage=\count444
\c@pageref=\count445
\c@savedpageref=\count446
\shorthandwidth=\skip82
\shortjournalwidth=\skip83
\shortserieswidth=\skip84
\shorttitlewidth=\skip85
\shortauthorwidth=\skip86
\shorteditorwidth=\skip87
\locallabelnumberwidth=\skip88
\locallabelalphawidth=\skip89
\localshorthandwidth=\skip90
\localshortjournalwidth=\skip91
\localshortserieswidth=\skip92
\localshorttitlewidth=\skip93
\localshortauthorwidth=\skip94
\localshorteditorwidth=\skip95
Package biblatex Info: Trying to load enhanced support for Unicode engines...
Package biblatex Info: ... file 'blx-unicode.def' found.
 (c:/Users/michi/AppData/Local/Programs/TeXLive/2022/texmf-dist/tex/latex/biblatex/blx-unicode.def)
Package biblatex Info: Trying to load compatibility code...
Package biblatex Info: ... file 'blx-compat.def' found.
 (c:/Users/michi/AppData/Local/Programs/TeXLive/2022/texmf-dist/tex/latex/biblatex/blx-compat.def
File: blx-compat.def 2023/03/05 v3.19 biblatex compatibility (PK/MW)
)
Package biblatex Info: Trying to load generic definitions...
Package biblatex Info: ... file 'biblatex.def' found.
 (c:/Users/michi/AppData/Local/Programs/TeXLive/2022/texmf-dist/tex/latex/biblatex/biblatex.def
File: biblatex.def 2023/03/05 v3.19 biblatex compatibility (PK/MW)
\c@textcitecount=\count447
\c@textcitetotal=\count448
\c@textcitemaxnames=\count449
\c@biburlbigbreakpenalty=\count450
\c@biburlbreakpenalty=\count451
\c@biburlnumpenalty=\count452
\c@biburlucpenalty=\count453
\c@biburllcpenalty=\count454
\biburlbigskip=\muskip18
\biburlnumskip=\muskip19
\biburlucskip=\muskip20
\biburllcskip=\muskip21
\c@smartand=\count455
)
Package biblatex Info: Trying to load bibliography style 'iso-numeric'...
Package biblatex Info: ... file 'iso-numeric.bbx' found.
 (c:/Users/michi/AppData/Local/Programs/TeXLive/2022/texmf-dist/tex/latex/biblatex-iso690/iso-numeric.bbx
File: iso-numeric.bbx 2022/03/20 v0.4.1 ISO 690 biblatex bibliography style
Package biblatex Info: Trying to load bibliography style 'iso'...
Package biblatex Info: ... file 'iso.bbx' found.
 (c:/Users/michi/AppData/Local/Programs/TeXLive/2022/texmf-dist/tex/latex/biblatex-iso690/iso.bbx
File: iso.bbx 2022/03/20 v0.4.1 ISO 690 biblatex bibliography style
Package biblatex-iso690 Info: Space colon enabled: false.
Package biblatex-iso690 Info: Total pages enabled: false.
Package biblatex-iso690 Info: Short numeration enabled: false.
Package biblatex-iso690 Info: Thesis info in the notes section enabled: true.
Package biblatex-iso690 Info: URL field enabled: true.
Package biblatex-iso690 Info: ISBN field enabled: true.
Package biblatex-iso690 Info: DOI field enabled: true.
Package biblatex-iso690 Info: eprint field enabled: true.
Package biblatex-iso690 Info: Article publication info enabled: false.
Package biblatex-iso690 Info: Use current language for the bibliography: false.
Package biblatex-iso690 Info: Use no end dot for the bibliography entries: false.
Package biblatex Info: Delimiter 'multinamedelim' in context '' already defined, overwriting.
Package biblatex Info: Delimiter 'finalnamedelim' in context '' already defined, overwriting.
Package biblatex Info: Delimiter 'editortypedelim' in context '' already defined, overwriting.
Package biblatex Info: Delimiter 'authortypedelim' in context '' already defined, overwriting.
))
Package biblatex Info: Trying to load citation style 'iso-numeric'...
Package biblatex Info: ... file 'iso-numeric.cbx' found.
 (c:/Users/michi/AppData/Local/Programs/TeXLive/2022/texmf-dist/tex/latex/biblatex-iso690/iso-numeric.cbx
File: iso-numeric.cbx 2022/03/20 v0.4.1 ISO 690 biblatex citation style
Package biblatex Info: Trying to load citation style 'numeric'...
Package biblatex Info: ... file 'numeric.cbx' found.
 (c:/Users/michi/AppData/Local/Programs/TeXLive/2022/texmf-dist/tex/latex/biblatex/cbx/numeric.cbx
File: numeric.cbx 2023/03/05 v3.19 biblatex citation style (PK/MW)
Package biblatex Info: Redefining '\cite'.
Package biblatex Info: Redefining '\parencite'.
Package biblatex Info: Redefining '\footcite'.
Package biblatex Info: Redefining '\footcitetext'.
Package biblatex Info: Redefining '\smartcite'.
Package biblatex Info: Redefining '\supercite'.
Package biblatex Info: Redefining '\textcite'.
Package biblatex Info: Redefining '\textcites'.
Package biblatex Info: Redefining '\cites'.
Package biblatex Info: Redefining '\parencites'.
Package biblatex Info: Redefining '\smartcites'.
)
Package biblatex Info: Trying to load citation style 'iso-fullcite'...
Package biblatex Info: ... file 'iso-fullcite.cbx' found.
 (c:/Users/michi/AppData/Local/Programs/TeXLive/2022/texmf-dist/tex/latex/biblatex-iso690/iso-fullcite.cbx
File: iso-fullcite.cbx 2022/03/20 v0.4.1 ISO 690 biblatex fullcite modifications
Package biblatex Info: Redefining '\fullcite'.
Package biblatex Info: Redefining '\footfullcite'.
)
Package biblatex Info: Redefining '\parencite'.
)
Package biblatex Info: Trying to load configuration file...
Package biblatex Info: ... file 'biblatex.cfg' found.
 (c:/Users/michi/AppData/Local/Programs/TeXLive/2022/texmf-dist/tex/latex/biblatex/biblatex.cfg
File: biblatex.cfg 
)
Package biblatex Info: LuaTeX detected.
(biblatex)             Assuming input encoding 'utf8'.
Package biblatex Info: Document encoding is UTF8 ....
Package biblatex Info: ... and expl3
(biblatex)             2023-02-22 L3 programming layer (loader) 
(biblatex)             is new enough (at least 2020/04/06),
(biblatex)             setting 'casechanger=expl3'.
 (c:/Users/michi/AppData/Local/Programs/TeXLive/2022/texmf-dist/tex/latex/biblatex/blx-case-expl3.sty
Package: blx-case-expl3 2023/03/05 v3.19 expl3 case changing code for biblatex
))) (./styles/custom.sty) (c:/Users/michi/AppData/Local/Programs/TeXLive/2022/texmf-dist/tex/latex/base/fontenc.sty
Package: fontenc 2021/04/29 v2.0v Standard LaTeX package
LaTeX Font Info:    Trying to load font information for T1+NotoSans(0) on input line 112.
LaTeX Font Info:    No file T1NotoSans(0).fd. on input line 112.


LaTeX Font Warning: Font shape `T1/NotoSans(0)/m/n' undefined
(Font)              using `T1/cmr/m/n' instead on input line 112.

) (c:/Users/michi/AppData/Local/Programs/TeXLive/2022/texmf-dist/tex/latex/base/inputenc.sty
Package: inputenc 2021/02/14 v1.3d Input encoding file
\inpenc@prehook=\toks41
\inpenc@posthook=\toks42


Package inputenc Warning: inputenc package ignored with utf8 based engines.

)
\c@CountFirma1_Betreuer=\count456
\c@CountFirma2_Betreuer=\count457


Package csquotes Warning: Load 'inputenc' before 'csquotes' on input line 39.

Package csquotes Info: Checking for multilingual support...
Package csquotes Info: ... found 'babel' package.
Package csquotes Info: Adjusting default style.
Package csquotes Info: Redefining alias 'default' -> 'german'.

Package biblatex Warning: Load 'inputenc' before biblatex.

(./out/main.aux (./out/src/03_BLDC-Motor.aux) (./out/src/04_SONCEBOZ.aux) (./out/src/05_CAN.aux))
\openout1 = main.aux

LaTeX Font Info:    Checking defaults for OML/cmm/m/it on input line 39.
LaTeX Font Info:    ... okay on input line 39.
LaTeX Font Info:    Checking defaults for OMS/cmsy/m/n on input line 39.
LaTeX Font Info:    ... okay on input line 39.
LaTeX Font Info:    Checking defaults for OT1/cmr/m/n on input line 39.
LaTeX Font Info:    ... okay on input line 39.
LaTeX Font Info:    Checking defaults for T1/cmr/m/n on input line 39.
LaTeX Font Info:    ... okay on input line 39.
LaTeX Font Info:    Checking defaults for TS1/cmr/m/n on input line 39.
LaTeX Font Info:    Trying to load font information for TS1+cmr on input line 39.
 (c:/Users/michi/AppData/Local/Programs/TeXLive/2022/texmf-dist/tex/latex/base/ts1cmr.fd
File: ts1cmr.fd 2022/07/10 v2.5l Standard LaTeX font definitions
)
LaTeX Font Info:    ... okay on input line 39.
LaTeX Font Info:    Checking defaults for TU/lmr/m/n on input line 39.
LaTeX Font Info:    ... okay on input line 39.
LaTeX Font Info:    Checking defaults for OMX/cmex/m/n on input line 39.
LaTeX Font Info:    ... okay on input line 39.
LaTeX Font Info:    Checking defaults for U/cmr/m/n on input line 39.
LaTeX Font Info:    ... okay on input line 39.
LaTeX Font Info:    Checking defaults for EU2/lmr/m/n on input line 39.
LaTeX Font Info:    ... okay on input line 39.
LaTeX Font Info:    Checking defaults for PD1/pdf/m/n on input line 39.
LaTeX Font Info:    ... okay on input line 39.
LaTeX Font Info:    Checking defaults for PU/pdf/m/n on input line 39.
LaTeX Font Info:    ... okay on input line 39.
 (c:/Users/michi/AppData/Local/Programs/TeXLive/2022/texmf-dist/tex/context/base/mkii/supp-pdf.mkii
[Loading MPS to PDF converter (version 2006.09.02).]
\scratchcounter=\count458
\scratchdimen=\dimen263
\scratchbox=\box65
\nofMPsegments=\count459
\nofMParguments=\count460
\everyMPshowfont=\toks43
\MPscratchCnt=\count461
\MPscratchDim=\dimen264
\MPnumerator=\count462
\makeMPintoPDFobject=\count463
\everyMPtoPDFconversion=\toks44
) (c:/Users/michi/AppData/Local/Programs/TeXLive/2022/texmf-dist/tex/latex/epstopdf-pkg/epstopdf-base.sty
Package: epstopdf-base 2020-01-24 v2.11 Base part for package epstopdf
 (c:/Users/michi/AppData/Local/Programs/TeXLive/2022/texmf-dist/tex/latex/grfext/grfext.sty
Package: grfext 2019/12/03 v1.3 Manage graphics extensions (HO)
)
Package epstopdf-base Info: Redefining graphics rule for `.eps' on input line 485.
Package grfext Info: Graphics extension search list:
(grfext)             [.pdf,.png,.jpg,.mps,.jpeg,.jbig2,.jb2,.PDF,.PNG,.JPG,.JPEG,.JBIG2,.JB2,.eps]
(grfext)             \AppendGraphicsExtensions on input line 504.
 (c:/Users/michi/AppData/Local/Programs/TeXLive/2022/texmf-dist/tex/latex/latexconfig/epstopdf-sys.cfg
File: epstopdf-sys.cfg 2010/07/13 v1.3 Configuration of (r)epstopdf for TeX Live
))
Package hyperref Info: Link coloring ON on input line 39.
 (./out/main.out) (./out/main.out)
\@outlinefile=\write4

\openout4 = main.out

*geometry* driver: auto-detecting
*geometry* detected driver: luatex
*geometry* verbose mode - [ preamble ] result:
* driver: luatex
* paper: a4paper
* layout: <same size as paper>
* layoutoffset:(h,v)=(0.0pt,0.0pt)
* modes: 
* h-part:(L,W,R)=(89.62709pt, 418.25368pt, 89.6271pt)
* v-part:(T,H,B)=(56.9055pt, 717.00946pt, 71.13188pt)
* \paperwidth=597.50787pt
* \paperheight=845.04684pt
* \textwidth=418.25368pt
* \textheight=717.00946pt
* \oddsidemargin=17.3571pt
* \evensidemargin=17.3571pt
* \topmargin=-39.36449pt
* \headheight=12.0pt
* \headsep=12.0pt
* \topskip=10.0pt
* \footskip=30.0pt
* \marginparwidth=12.0pt
* \marginparsep=11.0pt
* \columnsep=10.0pt
* \skip\footins=9.0pt plus 4.0pt minus 2.0pt
* \hoffset=0.0pt
* \voffset=0.0pt
* \mag=1000
* \@twocolumnfalse
* \@twosidefalse
* \@mparswitchfalse
* \@reversemarginfalse
* (1in=72.27pt=25.4mm, 1cm=28.453pt)

Package biblatex Info: Trying to load language 'german' -> 'german-iso'...
Package biblatex Info: ... file 'german-iso.lbx' found.
(c:/Users/michi/AppData/Local/Programs/TeXLive/2022/texmf-dist/tex/latex/biblatex-iso690/german-iso.lbx
File: german-iso.lbx 2022/03/20 v0.4.1 ISO 690 extended biblatex localization
Package biblatex Info: Trying to load language 'german'...
Package biblatex Info: ... file 'german.lbx' found.
 (c:/Users/michi/AppData/Local/Programs/TeXLive/2022/texmf-dist/tex/latex/biblatex/lbx/german.lbx
File: german.lbx 2023/03/05 v3.19 biblatex localization (PK/MW)
)
Package biblatex Info: Trying to load language 'german'...
Package biblatex Info: ... file 'german.lbx' found.
 (c:/Users/michi/AppData/Local/Programs/TeXLive/2022/texmf-dist/tex/latex/biblatex/lbx/german.lbx
File: german.lbx 2023/03/05 v3.19 biblatex localization (PK/MW)
))
Package biblatex Info: LuaTeX detected.
(biblatex)             Assuming input encoding 'utf8'.
Package biblatex Info: Automatic encoding selection.
(biblatex)             Assuming data encoding 'utf8'.

\openout3 = main.bcf
Package biblatex Info: Trying to load bibliographic data...
Package biblatex Info: ... file 'main.bbl' found.
 (./out/main.bbl)
Package biblatex Info: Reference section=0 on input line 39.
Package biblatex Info: Reference segment=0 on input line 39.
 (./styles/pages/deckblatt.tex
Rene Hampölz, 2023

LaTeX Font Warning: Font shape `T1/NotoSans(0)/b/n' undefined
(Font)              using `T1/NotoSans(0)/m/n' instead on input line 18.

<images/logo.png, id=124, 348.30125pt x 150.5625pt>
File: images/logo.png Graphic file (type png)
<use images/logo.png>
Package luatex.def Info: images/logo.png  used on input line 18.
(luatex.def)             Requested size: 63.4143pt x 27.41406pt.
LaTeX Font Info:    Trying to load font information for OT1+lmr on input line 18.
(c:/Users/michi/AppData/Local/Programs/TeXLive/2022/texmf-dist/tex/latex/lm/ot1lmr.fd
File: ot1lmr.fd 2015/05/01 v1.6.1 Font defs for Latin Modern
)
LaTeX Font Info:    Trying to load font information for OML+lmm on input line 18.
 (c:/Users/michi/AppData/Local/Programs/TeXLive/2022/texmf-dist/tex/latex/lm/omllmm.fd
File: omllmm.fd 2015/05/01 v1.6.1 Font defs for Latin Modern
)
LaTeX Font Info:    Trying to load font information for OMS+lmsy on input line 18.
 (c:/Users/michi/AppData/Local/Programs/TeXLive/2022/texmf-dist/tex/latex/lm/omslmsy.fd
File: omslmsy.fd 2015/05/01 v1.6.1 Font defs for Latin Modern
)
LaTeX Font Info:    Trying to load font information for OMX+lmex on input line 18.
 (c:/Users/michi/AppData/Local/Programs/TeXLive/2022/texmf-dist/tex/latex/lm/omxlmex.fd
File: omxlmex.fd 2015/05/01 v1.6.1 Font defs for Latin Modern
)
LaTeX Font Info:    External font `lmex10' loaded for size
(Font)              <14.4> on input line 18.
LaTeX Font Info:    External font `lmex10' loaded for size
(Font)              <10> on input line 18.
LaTeX Font Info:    External font `lmex10' loaded for size
(Font)              <7> on input line 18.
LaTeX Font Info:    Trying to load font information for U+msa on input line 18.
 (c:/Users/michi/AppData/Local/Programs/TeXLive/2022/texmf-dist/tex/latex/amsfonts/umsa.fd
File: umsa.fd 2013/01/14 v3.01 AMS symbols A
)
LaTeX Font Info:    Trying to load font information for U+msb on input line 18.
 (c:/Users/michi/AppData/Local/Programs/TeXLive/2022/texmf-dist/tex/latex/amsfonts/umsb.fd
File: umsb.fd 2013/01/14 v3.01 AMS symbols B
)

LaTeX Font Warning: Font shape `T1/NotoSans(0)/m/sl' undefined
(Font)              using `T1/NotoSans(0)/m/n' instead on input line 18.

<images/emily.jpg, id=125, 3383.05415pt x 1696.98141pt>
File: images/emily.jpg Graphic file (type jpg)
<use images/emily.jpg>
Package luatex.def Info: images/emily.jpg  used on input line 29.
(luatex.def)             Requested size: 292.77629pt x 146.84384pt.
LaTeX Font Info:    External font `lmex10' loaded for size
(Font)              <5> on input line 51.
) [1


{c:/Users/michi/AppData/Local/Programs/TeXLive/2022/texmf-var/fonts/map/pdftex/updmap/pdftex.map}<./images/logo.png><./images/emily.jpg>] (./styles/pages/eidesstatt.tex
Rene Hampölz, 2023
)

LaTeX Font Warning: Font shape `T1/NotoSans(0)/m/it' undefined
(Font)              using `T1/NotoSans(0)/m/sl' instead on input line 43.

File: images/logo.png Graphic file (type png)
<use images/logo.png>
Package luatex.def Info: images/logo.png  used on input line 43.
(luatex.def)             Requested size: 46.25333pt x 19.99512pt.
[2


] (./src/00_Allgemein/01_Kurzbeschreibung.tex

LaTeX Font Warning: Font shape `T1/NotoSans(0)/m/it' undefined
(Font)              using `T1/NotoSans(0)/m/sl' instead on input line 16.

File: images/logo.png Graphic file (type png)
<use images/logo.png>
Package luatex.def Info: images/logo.png  used on input line 16.
(luatex.def)             Requested size: 46.25333pt x 19.99512pt.
[3


]) (./src/00_Allgemein/02_Vorbemerkung.tex (./out/historytl.tmp)

LaTeX Font Warning: Font shape `T1/NotoSans(0)/m/it' undefined
(Font)              using `T1/NotoSans(0)/m/sl' instead on input line 16.

File: images/logo.png Graphic file (type png)
<use images/logo.png>
Package luatex.def Info: images/logo.png  used on input line 16.
(luatex.def)             Requested size: 46.25333pt x 19.99512pt.
[4


]) (./out/main.toc)
\tf@toc=\write5

\openout5 = main.toc


LaTeX Font Warning: Font shape `T1/NotoSans(0)/m/it' undefined
(Font)              using `T1/NotoSans(0)/m/sl' instead on input line 46.

File: images/logo.png Graphic file (type png)
<use images/logo.png>
Package luatex.def Info: images/logo.png  used on input line 46.
(luatex.def)             Requested size: 46.25333pt x 19.99512pt.
[5


]
\openout2 = src/03_BLDC-Motor.aux
 (./src/03_BLDC-Motor.tex
<images/Abbildung1.jpg, id=181, 637.38126pt x 353.32pt>
File: images/Abbildung1.jpg Graphic file (type jpg)
<use images/Abbildung1.jpg>
Package luatex.def Info: images/Abbildung1.jpg  used on input line 21.
(luatex.def)             Requested size: 312.9809pt x 170.71843pt.
<images/Abbildung 2.png, id=183, 770.88pt x 545.03625pt>
File: images/Abbildung 2.png Graphic file (type png)
<use images/Abbildung 2.png>
Package luatex.def Info: images/Abbildung 2.png  used on input line 32.
(luatex.def)             Requested size: 436.7478pt x 308.71118pt.

Overfull \hbox (18.49413pt too wide) in paragraph at lines 32--34
 [] 
 []


LaTeX Font Warning: Font shape `T1/NotoSans(0)/m/it' undefined
(Font)              using `T1/NotoSans(0)/m/sl' instead on input line 41.

File: images/logo.png Graphic file (type png)
<use images/logo.png>
Package luatex.def Info: images/logo.png  used on input line 41.
(luatex.def)             Requested size: 46.25333pt x 19.99512pt.
[6



warning  (pdf backend): ignoring duplicate destination with the name 'figure.1'
Missing character: There is no – (U+2013) in font ecrm1000!
<./images/Abbildung1.jpg>]

LaTeX Font Warning: Font shape `T1/NotoSans(0)/m/it' undefined
(Font)              using `T1/NotoSans(0)/m/sl' instead on input line 45.

File: images/logo.png Graphic file (type png)
<use images/logo.png>
Package luatex.def Info: images/logo.png  used on input line 45.
(luatex.def)             Requested size: 46.25333pt x 19.99512pt.
[7
warning  (pdf backend): ignoring duplicate destination with the name 'figure.2'
Missing character: There is no ’ (U+2019) in font ecrm1000!
Missing character: There is no ’ (U+2019) in font ecrm1000!
<./images/Abbildung 2.png>]
LaTeX Font Info:    Trying to load font information for TS1+NotoSans(0) on input line 53.
LaTeX Font Info:    No file TS1NotoSans(0).fd. on input line 53.


LaTeX Font Warning: Font shape `TS1/NotoSans(0)/m/n' undefined
(Font)              using `TS1/cmr/m/n' instead
(Font)              for symbol `textbullet' on input line 53.

)

LaTeX Font Warning: Font shape `T1/NotoSans(0)/m/it' undefined
(Font)              using `T1/NotoSans(0)/m/sl' instead on input line 54.

File: images/logo.png Graphic file (type png)
<use images/logo.png>
Package luatex.def Info: images/logo.png  used on input line 54.
(luatex.def)             Requested size: 46.25333pt x 19.99512pt.
[8

]
\openout2 = src/04_SONCEBOZ.aux
 (./src/04_SONCEBOZ.tex
<images/Abbildung 3.png, id=226, 276.28218pt x 310.15875pt>
File: images/Abbildung 3.png Graphic file (type png)
<use images/Abbildung 3.png>
Package luatex.def Info: images/Abbildung 3.png  used on input line 8.
(luatex.def)             Requested size: 190.06155pt x 213.39452pt.


LaTeX Font Warning: Font shape `T1/NotoSans(0)/m/it' undefined
(Font)              using `T1/NotoSans(0)/m/sl' instead on input line 13.

File: images/logo.png Graphic file (type png)
<use images/logo.png>
Package luatex.def Info: images/logo.png  used on input line 13.
(luatex.def)             Requested size: 46.25333pt x 19.99512pt.
[9




warning  (pdf backend): ignoring duplicate destination with the name 'figure.3'
<./images/Abbildung 3.png>]
<images/Abbildung 4.png, id=237, 415.5525pt x 164.86594pt>
File: images/Abbildung 4.png Graphic file (type png)
<use images/Abbildung 4.png>
Package luatex.def Info: images/Abbildung 4.png  used on input line 44.
(luatex.def)             Requested size: 415.70999pt x 164.74727pt.


LaTeX Font Warning: Font shape `T1/NotoSans(0)/m/it' undefined
(Font)              using `T1/NotoSans(0)/m/sl' instead on input line 49.

File: images/logo.png Graphic file (type png)
<use images/logo.png>
Package luatex.def Info: images/logo.png  used on input line 49.
(luatex.def)             Requested size: 46.25333pt x 19.99512pt.
[10


warning  (pdf backend): ignoring duplicate destination with the name 'table.1'

warning  (pdf backend): ignoring duplicate destination with the name 'figure.4'
<./images/Abbildung 4.png>]
Overfull \hbox (10.24393pt too wide) in paragraph at lines 110--113
[]\T1/NotoSans(0)/m/sl/10 Die PINs AN_1, AN_2 und AN_3 wer-den mit ma-xi-mal 5V ver-sorgt und auf PIN A_GND_1,
 []


LaTeX Font Warning: Font shape `T1/NotoSans(0)/m/it' undefined
(Font)              using `T1/NotoSans(0)/m/sl' instead on input line 130.

File: images/logo.png Graphic file (type png)
<use images/logo.png>
Package luatex.def Info: images/logo.png  used on input line 130.
(luatex.def)             Requested size: 46.25333pt x 19.99512pt.
[11


warning  (pdf backend): ignoring duplicate destination with the name 'table.2'
]
<images/Abbildung 5.png, id=264, 1030.85126pt x 598.235pt>
File: images/Abbildung 5.png Graphic file (type png)
<use images/Abbildung 5.png>
Package luatex.def Info: images/Abbildung 5.png  used on input line 135.
(luatex.def)             Requested size: 448.41667pt x 260.34879pt.

Overfull \hbox (30.163pt too wide) in paragraph at lines 135--136
 [] 
 []


Underfull \hbox (badness 10000) in paragraph at lines 141--142

 []


Underfull \hbox (badness 10000) in paragraph at lines 143--147

 []


LaTeX Font Warning: Font shape `T1/NotoSans(0)/m/it' undefined
(Font)              using `T1/NotoSans(0)/m/sl' instead on input line 174.

File: images/logo.png Graphic file (type png)
<use images/logo.png>
Package luatex.def Info: images/logo.png  used on input line 174.
(luatex.def)             Requested size: 46.25333pt x 19.99512pt.
[12


warning  (pdf backend): ignoring duplicate destination with the name 'figure.5'
<./images/Abbildung 5.png>])

LaTeX Font Warning: Font shape `T1/NotoSans(0)/m/it' undefined
(Font)              using `T1/NotoSans(0)/m/sl' instead on input line 57.

File: images/logo.png Graphic file (type png)
<use images/logo.png>
Package luatex.def Info: images/logo.png  used on input line 57.
(luatex.def)             Requested size: 46.25333pt x 19.99512pt.
[13

]
\openout2 = src/05_CAN.aux
 (./src/05_CAN.tex

LaTeX Font Warning: Font shape `T1/NotoSans(0)/m/it' undefined
(Font)              using `T1/NotoSans(0)/m/sl' instead on input line 7.

File: images/logo.png Graphic file (type png)
<use images/logo.png>
Package luatex.def Info: images/logo.png  used on input line 7.
(luatex.def)             Requested size: 46.25333pt x 19.99512pt.
[14




Missing character: There is no „ (U+201E) in font ecrm1000!
Missing character: There is no “ (U+201C) in font ecrm1000!
]
Underfull \hbox (badness 10000) in paragraph at lines 10--12

 []

<images/Abbildung 6.jpeg, id=292, 551.05875pt x 334.24875pt>
File: images/Abbildung 6.jpeg Graphic file (type jpg)
<use images/Abbildung 6.jpeg>
Package luatex.def Info: images/Abbildung 6.jpeg  used on input line 15.
(luatex.def)             Requested size: 397.78781pt x 241.28624pt.

LaTeX Font Warning: Font shape `T1/NotoSans(0)/m/it' undefined
(Font)              using `T1/NotoSans(0)/m/sl' instead on input line 23.

File: images/logo.png Graphic file (type png)
<use images/logo.png>
Package luatex.def Info: images/logo.png  used on input line 23.
(luatex.def)             Requested size: 46.25333pt x 19.99512pt.
[15


warning  (pdf backend): ignoring duplicate destination with the name 'figure.6'
<./images/Abbildung 6.jpeg>]
Underfull \hbox (badness 10000) in paragraph at lines 25--26

 []

<images/Abbildung 7.jpeg, id=298, 348.25107pt x 505.89pt>
File: images/Abbildung 7.jpeg Graphic file (type jpg)
<use images/Abbildung 7.jpeg>
Package luatex.def Info: images/Abbildung 7.jpeg  used on input line 29.
(luatex.def)             Requested size: 348.26083pt x 505.89645pt.

LaTeX Font Warning: Font shape `T1/NotoSans(0)/m/it' undefined
(Font)              using `T1/NotoSans(0)/m/sl' instead on input line 35.

File: images/logo.png Graphic file (type png)
<use images/logo.png>
Package luatex.def Info: images/logo.png  used on input line 35.
(luatex.def)             Requested size: 46.25333pt x 19.99512pt.
[16


warning  (pdf backend): ignoring duplicate destination with the name 'figure.7'
<./images/Abbildung 7.jpeg>]
Underfull \hbox (badness 10000) in paragraph at lines 38--39

 []

<images/Abbildung 8.png, id=304, 220.825pt x 163.61125pt>
File: images/Abbildung 8.png Graphic file (type png)
<use images/Abbildung 8.png>
Package luatex.def Info: images/Abbildung 8.png  used on input line 42.
(luatex.def)             Requested size: 246.41252pt x 181.81284pt.

Underfull \hbox (badness 10000) in paragraph at lines 47--48

 []


Underfull \hbox (badness 10000) in paragraph at lines 50--51

 []

<images/Abbildung 9.png, id=305, 2890.8pt x 1445.4pt>
File: images/Abbildung 9.png Graphic file (type png)
<use images/Abbildung 9.png>
Package luatex.def Info: images/Abbildung 9.png  used on input line 54.
(luatex.def)             Requested size: 286.8032pt x 143.4016pt.

LaTeX Font Warning: Font shape `T1/NotoSans(0)/m/it' undefined
(Font)              using `T1/NotoSans(0)/m/sl' instead on input line 61.

File: images/logo.png Graphic file (type png)
<use images/logo.png>
Package luatex.def Info: images/logo.png  used on input line 61.
(luatex.def)             Requested size: 46.25333pt x 19.99512pt.
[17


warning  (pdf backend): ignoring duplicate destination with the name 'figure.8'

warning  (pdf backend): ignoring duplicate destination with the name 'figure.9'
<./images/Abbildung 8.png><./images/Abbildung 9.png>])

LaTeX Font Warning: Font shape `T1/NotoSans(0)/m/it' undefined
(Font)              using `T1/NotoSans(0)/m/sl' instead on input line 59.

File: images/logo.png Graphic file (type png)
<use images/logo.png>
Package luatex.def Info: images/logo.png  used on input line 59.
(luatex.def)             Requested size: 46.25333pt x 19.99512pt.
[18

]

LaTeX Font Warning: Font shape `T1/NotoSans(0)/m/it' undefined
(Font)              using `T1/NotoSans(0)/m/sl' instead on input line 61.


LaTeX Font Warning: Font shape `T1/NotoSans(0)/m/it' undefined
(Font)              using `T1/NotoSans(0)/m/sl' instead on input line 61.


Overfull \hbox (13.94136pt too wide) in paragraph at lines 61--61
[]\T1/NotoSans(0)/m/sl/10 WI-KI-PE-DIA AU-TOREN. Bür-sten-lo-ser Gleich-strom-mo-tor. 2022. []Auch ver-füg-bar un-ter[]: [][]$\TU/NotoSansMono(0)/m/n/10 https :
 []


LaTeX Font Warning: Font shape `T1/NotoSans(0)/m/it' undefined
(Font)              using `T1/NotoSans(0)/m/sl' instead on input line 61.


LaTeX Font Warning: Font shape `T1/NotoSans(0)/m/it' undefined
(Font)              using `T1/NotoSans(0)/m/sl' instead on input line 61.


LaTeX Font Warning: Font shape `T1/NotoSans(0)/m/it' undefined
(Font)              using `T1/NotoSans(0)/m/sl' instead on input line 61.


LaTeX Font Warning: Font shape `T1/NotoSans(0)/m/it' undefined
(Font)              using `T1/NotoSans(0)/m/sl' instead on input line 61.


LaTeX Font Warning: Font shape `T1/NotoSans(0)/m/it' undefined
(Font)              using `T1/NotoSans(0)/m/sl' instead on input line 61.


Overfull \hbox (11.19142pt too wide) in paragraph at lines 61--61
[]\T1/NotoSans(0)/m/sl/10 DIPL.-STAT. B. AL-SCHEIKLY. Sen-sor-lo-se An-steue-rung. 2023. []Auch ver-füg-bar un-ter[]: [][]$\TU/NotoSansMono(0)/m/n/10 https :
 []


LaTeX Font Warning: Font shape `T1/NotoSans(0)/m/it' undefined
(Font)              using `T1/NotoSans(0)/m/sl' instead on input line 61.


LaTeX Font Warning: Font shape `T1/NotoSans(0)/m/it' undefined
(Font)              using `T1/NotoSans(0)/m/sl' instead on input line 61.


LaTeX Font Warning: Font shape `T1/NotoSans(0)/m/it' undefined
(Font)              using `T1/NotoSans(0)/m/sl' instead on input line 61.

File: images/logo.png Graphic file (type png)
<use images/logo.png>
Package luatex.def Info: images/logo.png  used on input line 61.
(luatex.def)             Requested size: 46.25333pt x 19.99512pt.
[19



] (./out/main.lof)
\tf@lof=\write6

\openout6 = main.lof


LaTeX Font Warning: Font shape `T1/NotoSans(0)/m/it' undefined
(Font)              using `T1/NotoSans(0)/m/sl' instead on input line 62.

File: images/logo.png Graphic file (type png)
<use images/logo.png>
Package luatex.def Info: images/logo.png  used on input line 62.
(luatex.def)             Requested size: 46.25333pt x 19.99512pt.
[20



Missing character: There is no – (U+2013) in font ecrm1000!
] (./out/main.lot)
\tf@lot=\write7

\openout7 = main.lot


LaTeX Font Warning: Font shape `T1/NotoSans(0)/m/it' undefined
(Font)              using `T1/NotoSans(0)/m/sl' instead on input line 63.

File: images/logo.png Graphic file (type png)
<use images/logo.png>
Package luatex.def Info: images/logo.png  used on input line 63.
(luatex.def)             Requested size: 46.25333pt x 19.99512pt.
[21


] (./acronyms.tex)

LaTeX Font Warning: Font shape `T1/NotoSans(0)/m/it' undefined
(Font)              using `T1/NotoSans(0)/m/sl' instead on input line 64.

File: images/logo.png Graphic file (type png)
<use images/logo.png>
Package luatex.def Info: images/logo.png  used on input line 64.
(luatex.def)             Requested size: 46.25333pt x 19.99512pt.
[22


] (./out/historytab.tmp)

LaTeX Font Warning: Font shape `T1/NotoSans(0)/m/it' undefined
(Font)              using `T1/NotoSans(0)/m/sl' instead on input line 65.

File: images/logo.png Graphic file (type png)
<use images/logo.png>
Package luatex.def Info: images/logo.png  used on input line 65.
(luatex.def)             Requested size: 46.25333pt x 19.99512pt.
[23


] (./out/main.aux (./out/src/03_BLDC-Motor.aux) (./out/src/04_SONCEBOZ.aux) (./out/src/05_CAN.aux))

LaTeX Font Warning: Some font shapes were not available, defaults substituted.

Package rerunfilecheck Info: File `main.out' has not changed.
(rerunfilecheck)             Checksum: DB22A7F548335AD027FD838946595FC2;4791.
Package logreq Info: Writing requests to 'main.run.xml'.

\openout1 = main.run.xml
)

Here is how much of LuaTeX's memory you used:
 31131 strings out of 478290
 125086,1977958 words of node,token memory allocated
 745 words of node memory still in use:
   7 hlist, 2 vlist, 2 rule, 5 glue, 4 kern, 1 glyph, 30 attribute, 74 glue_spec, 17 attribute_list, 2 write, 8 pdf_action nodes
   avail lists: 1:1,2:1006,3:368,4:135,5:414,6:120,7:7071,8:158,9:885,10:14,11:779
 49673 multiletter control sequences out of 65536+600000
 55 fonts using 7525203 bytes
 102i,16n,98p,1528b,2937s stack positions out of 10000i,1000n,20000p,200000b,200000s
<./fonts/NotoSansMono-Regular.ttf>{c:/Users/michi/AppData/Local/Programs/TeXLive/2022/texmf-dist/fonts/enc/dvips/lm/lm-mathit.enc}{c:/Users/michi/AppData/Local/Programs/TeXLive/2022/texmf-dist/fonts/enc/dvips/lm/lm-rm.enc}{c:/Users/michi/AppData/Local/Programs/TeXLive/2022/texmf-dist/fonts/enc/dvips/lm/lm-mathsy.enc}{c:/Users/michi/AppData/Local/Programs/TeXLive/2022/texmf-dist/fonts/enc/dvips/cm-super/cm-super-ts1.enc}{c:/Users/michi/AppData/Local/Programs/TeXLive/2022/texmf-dist/fonts/enc/dvips/cm-super/cm-super-t1.enc}<c:/Users/michi/AppData/Local/Programs/TeXLive/2022/texmf-dist/fonts/type1/public/lm/lmmi7.pfb><c:/Users/michi/AppData/Local/Programs/TeXLive/2022/texmf-dist/fonts/type1/public/lm/lmr7.pfb><c:/Users/michi/AppData/Local/Programs/TeXLive/2022/texmf-dist/fonts/type1/public/lm/lmsy10.pfb><c:/Users/michi/AppData/Local/Programs/TeXLive/2022/texmf-dist/fonts/type1/public/lm/lmsy7.pfb><c:/Users/michi/AppData/Local/Programs/TeXLive/2022/texmf-dist/fonts/type1/public/cm-super/sfrm1000.pfb><c:/Users/michi/AppData/Local/Programs/TeXLive/2022/texmf-dist/fonts/type1/public/cm-super/sfrm1200.pfb><c:/Users/michi/AppData/Local/Programs/TeXLive/2022/texmf-dist/fonts/type1/public/cm-super/sfrm1440.pfb><c:/Users/michi/AppData/Local/Programs/TeXLive/2022/texmf-dist/fonts/type1/public/cm-super/sfrm2488.pfb>
Output written on main.pdf (23 pages, 2508367 bytes).

PDF statistics: 429 PDF objects out of 1000 (max. 8388607)
 371 compressed objects within 4 object streams
 79 named destinations out of 1000 (max. 131072)
 241 words of extra memory for PDF output out of 10000 (max. 100000000)

