\BOOKMARK [1][-]{section*.1}{\376\377\000E\000i\000d\000e\000s\000s\000t\000a\000t\000t\000l\000i\000c\000h\000e\000\040\000E\000r\000k\000l\000\344\000r\000u\000n\000g}{}% 1
\BOOKMARK [1][-]{section*.2}{\376\377\000K\000u\000r\000z\000b\000e\000s\000c\000h\000r\000e\000i\000b\000u\000n\000g}{}% 2
\BOOKMARK [1][-]{section*.3}{\376\377\000A\000b\000s\000t\000r\000a\000c\000t}{}% 3
\BOOKMARK [1][-]{section*.4}{\376\377\000V\000o\000r\000w\000o\000r\000t}{}% 4
\BOOKMARK [1][-]{section*.5}{\376\377\000\304\000n\000d\000e\000r\000u\000n\000g\000s\000v\000e\000r\000l\000a\000u\000f}{}% 5
\BOOKMARK [1][-]{section*.6}{\376\377\000I\000n\000h\000a\000l\000t\000s\000v\000e\000r\000z\000e\000i\000c\000h\000n\000i\000s}{}% 6
\BOOKMARK [1][-]{section.1}{\376\377\000B\000\374\000r\000s\000t\000e\000n\000l\000o\000s\000e\000r\000\040\000G\000l\000e\000i\000c\000h\000s\000t\000r\000o\000m\000m\000o\000t\000o\000r\000\040\000B\000L\000D\000C}{}% 7
\BOOKMARK [2][-]{subsection.1.1}{\376\377\000G\000r\000u\000n\000d\000l\000e\000g\000e\000n\000d\000e\000\040\000F\000u\000n\000k\000t\000i\000o\000n\000e\000n}{section.1}% 8
\BOOKMARK [2][-]{subsection.1.2}{\376\377\000I\000n\000n\000e\000n\000l\000\344\000u\000f\000e\000r}{section.1}% 9
\BOOKMARK [2][-]{subsection.1.3}{\376\377\000A\000u\000\337\000e\000n\000l\000\344\000u\000f\000e\000r}{section.1}% 10
\BOOKMARK [2][-]{subsection.1.4}{\376\377\000K\000o\000m\000m\000u\000t\000i\000e\000r\000u\000n\000g}{section.1}% 11
\BOOKMARK [3][-]{subsubsection.1.4.1}{\376\377\000S\000e\000n\000s\000o\000r\000g\000e\000s\000t\000e\000u\000e\000r\000t\000e\000\040\000K\000o\000m\000m\000u\000t\000i\000e\000r\000u\000n\000g}{subsection.1.4}% 12
\BOOKMARK [3][-]{subsubsection.1.4.2}{\376\377\000S\000e\000n\000s\000o\000r\000l\000o\000s\000e\000\040\000K\000o\000m\000m\000u\000t\000i\000e\000r\000u\000n\000g}{subsection.1.4}% 13
\BOOKMARK [2][-]{subsection.1.5}{\376\377\000E\000i\000n\000s\000a\000t\000z\000b\000e\000r\000e\000i\000c\000h\000e\000\040\000v\000o\000n\000\040\000b\000\374\000r\000s\000t\000e\000n\000l\000o\000s\000e\000n\000\040\000G\000l\000e\000i\000c\000h\000s\000t\000r\000o\000m\000m\000o\000t\000o\000r\000e\000n}{section.1}% 14
\BOOKMARK [1][-]{section.2}{\376\377\000S\000O\000N\000C\000E\000B\000O\000Z\000\040\000B\000L\000D\000C\000-\000M\000o\000t\000o\000r\000\040\000\050\000C\000P\000M\0009\0000\000\040\0005\0009\0003\0004\000\051}{}% 15
\BOOKMARK [2][-]{subsection.2.1}{\376\377\000T\000e\000c\000h\000n\000i\000s\000c\000h\000e\000\040\000D\000a\000t\000e\000n}{section.2}% 16
\BOOKMARK [2][-]{subsection.2.2}{\376\377\000F\000u\000n\000k\000t\000i\000o\000n\000s\000d\000i\000a\000g\000r\000a\000m\000m\000\040\000u\000n\000d\000\040\000P\000I\000N\000-\000B\000e\000l\000e\000g\000u\000n\000g}{section.2}% 17
\BOOKMARK [2][-]{subsection.2.3}{\376\377\000B\000l\000o\000c\000k\000s\000c\000h\000a\000l\000t\000b\000i\000l\000d\000\040\000u\000n\000d\000\040\000B\000a\000u\000t\000e\000i\000l\000b\000e\000s\000c\000h\000r\000e\000i\000b\000u\000n\000g}{section.2}% 18
\BOOKMARK [1][-]{section.3}{\376\377\000C\000A\000N\000-\000B\000u\000s}{}% 19
\BOOKMARK [2][-]{subsection.3.1}{\376\377\000F\000u\000n\000k\000t\000i\000o\000n\000s\000w\000e\000i\000s\000e}{section.3}% 20
\BOOKMARK [3][-]{subsubsection.3.1.1}{\376\377\000M\000u\000l\000t\000i\000m\000a\000s\000t\000e\000r\000\040\000P\000r\000i\000n\000z\000i\000p}{subsection.3.1}% 21
\BOOKMARK [3][-]{subsubsection.3.1.2}{\376\377\000C\000S\000M\000A\000/\000C\000R}{subsection.3.1}% 22
\BOOKMARK [3][-]{subsubsection.3.1.3}{\376\377\000N\000o\000n\000\040\000R\000e\000t\000u\000r\000n\000\040\000t\000o\000\040\000Z\000e\000r\000o\000\040\000\050\000N\000R\000Z\000-\000B\000i\000t\000c\000o\000d\000i\000e\000r\000u\000n\000g\000\051}{subsection.3.1}% 23
\BOOKMARK [2][-]{subsection.3.2}{\376\377\000T\000o\000p\000o\000l\000o\000g\000i\000e}{section.3}% 24
\BOOKMARK [2][-]{subsection.3.3}{\376\377\000A\000n\000w\000e\000n\000d\000u\000n\000g\000s\000b\000e\000r\000e\000i\000c\000h\000e}{section.3}% 25
\BOOKMARK [1][-]{section*.8}{\376\377\000L\000i\000t\000e\000r\000a\000t\000u\000r}{}% 26
\BOOKMARK [1][-]{section*.10}{\376\377\000A\000b\000b\000i\000l\000d\000u\000n\000g\000s\000v\000e\000r\000z\000e\000i\000c\000h\000n\000i\000s}{}% 27
\BOOKMARK [1][-]{section*.12}{\376\377\000T\000a\000b\000e\000l\000l\000e\000n\000v\000e\000r\000z\000e\000i\000c\000h\000n\000i\000s}{}% 28
\BOOKMARK [1][-]{section*.14}{\376\377\000A\000b\000k\000\374\000r\000z\000u\000n\000g\000s\000v\000e\000r\000z\000e\000i\000c\000h\000n\000i\000s}{}% 29
\BOOKMARK [1][-]{section*.15}{\376\377\000V\000o\000l\000l\000s\000t\000\344\000n\000d\000i\000g\000e\000r\000\040\000\304\000n\000d\000e\000r\000u\000n\000g\000s\000v\000e\000r\000l\000a\000u\000f}{}% 30
